<?xml version="1.0" encoding="UTF-8"?>
<testng-results ignored="0" total="1" passed="1" failed="0" skipped="0">
  <reporter-output>
  </reporter-output>
  <suite started-at="2020-10-17T22:40:46 IST" name="Default suite" finished-at="2020-10-17T22:41:35 IST" duration-ms="49435">
    <groups>
    </groups>
    <test started-at="2020-10-17T22:40:46 IST" name="Default test" finished-at="2020-10-17T22:41:35 IST" duration-ms="49435">
      <class name="com.training.sanity.tests.LoginTests">
        <test-method is-config="true" signature="setUpBeforeClass()[pri:0, instance:com.training.sanity.tests.LoginTests@55b53d44]" started-at="2020-10-17T22:40:46 IST" name="setUpBeforeClass" finished-at="2020-10-17T22:40:57 IST" duration-ms="10792" status="PASS">
          <reporter-output>
          </reporter-output>
        </test-method> <!-- setUpBeforeClass -->
        <test-method signature="checkOut()[pri:0, instance:com.training.sanity.tests.LoginTests@55b53d44]" started-at="2020-10-17T22:40:57 IST" name="checkOut" finished-at="2020-10-17T22:41:33 IST" duration-ms="36781" status="PASS">
          <reporter-output>
          </reporter-output>
        </test-method> <!-- checkOut -->
        <test-method is-config="true" signature="tearDown()[pri:0, instance:com.training.sanity.tests.LoginTests@55b53d44]" started-at="2020-10-17T22:41:33 IST" name="tearDown" finished-at="2020-10-17T22:41:35 IST" duration-ms="1767" status="PASS">
          <reporter-output>
          </reporter-output>
        </test-method> <!-- tearDown -->
      </class> <!-- com.training.sanity.tests.LoginTests -->
    </test> <!-- Default test -->
  </suite> <!-- Default suite -->
</testng-results>
